<?xml version="1.0" encoding="UTF-8"?>
<!-- Generated by org.testng.reporters.JUnitXMLReporter -->
<testsuite ignored="0" hostname="DESKTOP-LA038U6" failures="1" tests="2" name="ErrorValidation" time="30.411" errors="0" timestamp="٢٠٢٥-٠٣-٢٧T٠٦:٠٧:٣٧ EET">
  <testcase classname="Templates.Tests.ErrorValidation" name="loginErrorValidation" time="1.908">
    <failure type="java.lang.AssertionError" message="expected [Incorrect email  password.] but found [Incorrect email or password.]">
      <![CDATA[java.lang.AssertionError: expected [Incorrect email  password.] but found [Incorrect email or password.]
at Templates.Tests.ErrorValidation.loginErrorValidation(ErrorValidation.java:20)
at java.base/java.util.ArrayList.forEach(ArrayList.java:1596)
at java.base/java.util.concurrent.FutureTask.run(FutureTask.java:317)
at java.base/java.util.concurrent.ThreadPoolExecutor.runWorker(ThreadPoolExecutor.java:1144)
at java.base/java.util.concurrent.ThreadPoolExecutor$Worker.run(ThreadPoolExecutor.java:642)
at java.base/java.lang.Thread.run(Thread.java:1583)
... Removed 21 stack frames]]>
    </failure>
  </testcase> <!-- loginErrorValidation -->
  <testcase classname="Templates.Tests.ErrorValidation" name="productErrorValidation" time="5.645"/>
</testsuite> <!-- ErrorValidation -->
