<?xml version="1.0" encoding="UTF-8"?>
<testng-results ignored="0" total="5" passed="4" failed="1" skipped="0">
  <reporter-output>
  </reporter-output>
  <suite started-at="٢٠٢٥-٠٣-٢٧T٠٥:١٥:٣٤ EET" name="Suite" finished-at="٢٠٢٥-٠٣-٢٧T٠٥:١٦:٢٠ EET" duration-ms="45864">
    <groups>
    </groups>
    <test started-at="٢٠٢٥-٠٣-٢٧T٠٥:١٥:٣٤ EET" name="ErrorValidation" finished-at="٢٠٢٥-٠٣-٢٧T٠٥:١٦:٠٦ EET" duration-ms="31913">
      <class name="Templates.Tests.ErrorValidation">
        <test-method is-config="true" signature="launchBrowser()[pri:0, instance:Templates.Tests.ErrorValidation@3fce8fd9]" started-at="٢٠٢٥-٠٣-٢٧T٠٥:١٥:٣٤ EET" name="launchBrowser" finished-at="٢٠٢٥-٠٣-٢٧T٠٥:١٥:٤٩ EET" duration-ms="14887" status="PASS">
          <reporter-output>
          </reporter-output>
        </test-method> <!-- launchBrowser -->
        <test-method signature="loginErrorValidation()[pri:0, instance:Templates.Tests.ErrorValidation@3fce8fd9]" started-at="٢٠٢٥-٠٣-٢٧T٠٥:١٥:٤٩ EET" name="loginErrorValidation" finished-at="٢٠٢٥-٠٣-٢٧T٠٥:١٥:٥٠ EET" duration-ms="1155" status="FAIL">
          <exception class="java.lang.AssertionError">
            <message>
              <![CDATA[expected [Incorrect email  password.] but found [Incorrect email or password.]]]>
            </message>
            <full-stacktrace>
              <![CDATA[java.lang.AssertionError: expected [Incorrect email  password.] but found [Incorrect email or password.]
at org.testng.Assert.fail(Assert.java:111)
at org.testng.Assert.failNotEquals(Assert.java:1590)
at org.testng.Assert.assertEqualsImpl(Assert.java:150)
at org.testng.Assert.assertEquals(Assert.java:132)
at org.testng.Assert.assertEquals(Assert.java:656)
at org.testng.Assert.assertEquals(Assert.java:666)
at Templates.Tests.ErrorValidation.loginErrorValidation(ErrorValidation.java:20)
at java.base/jdk.internal.reflect.DirectMethodHandleAccessor.invoke(DirectMethodHandleAccessor.java:103)
at java.base/java.lang.reflect.Method.invoke(Method.java:580)
at org.testng.internal.invokers.MethodInvocationHelper.invokeMethod(MethodInvocationHelper.java:141)
at org.testng.internal.invokers.TestInvoker.invokeMethod(TestInvoker.java:687)
at org.testng.internal.invokers.TestInvoker.invokeTestMethod(TestInvoker.java:230)
at org.testng.internal.invokers.MethodRunner.runInSequence(MethodRunner.java:63)
at org.testng.internal.invokers.TestInvoker$MethodInvocationAgent.invoke(TestInvoker.java:995)
at org.testng.internal.invokers.TestInvoker.invokeTestMethods(TestInvoker.java:203)
at org.testng.internal.invokers.TestMethodWorker.invokeTestMethods(TestMethodWorker.java:154)
at org.testng.internal.invokers.TestMethodWorker.run(TestMethodWorker.java:134)
at java.base/java.util.ArrayList.forEach(ArrayList.java:1596)
at org.testng.TestRunner.privateRun(TestRunner.java:741)
at org.testng.TestRunner.run(TestRunner.java:616)
at org.testng.SuiteRunner.runTest(SuiteRunner.java:421)
at org.testng.SuiteRunner$SuiteWorker.run(SuiteRunner.java:463)
at org.testng.internal.thread.ThreadUtil.lambda$execute$0(ThreadUtil.java:64)
at java.base/java.util.concurrent.FutureTask.run(FutureTask.java:317)
at java.base/java.util.concurrent.ThreadPoolExecutor.runWorker(ThreadPoolExecutor.java:1144)
at java.base/java.util.concurrent.ThreadPoolExecutor$Worker.run(ThreadPoolExecutor.java:642)
at java.base/java.lang.Thread.run(Thread.java:1583)
]]>
            </full-stacktrace>
          </exception> <!-- java.lang.AssertionError -->
          <reporter-output>
          </reporter-output>
        </test-method> <!-- loginErrorValidation -->
        <test-method is-config="true" signature="teardown()[pri:0, instance:Templates.Tests.ErrorValidation@3fce8fd9]" started-at="٢٠٢٥-٠٣-٢٧T٠٥:١٥:٥١ EET" name="teardown" finished-at="٢٠٢٥-٠٣-٢٧T٠٥:١٥:٥٢ EET" duration-ms="1195" status="PASS">
          <reporter-output>
          </reporter-output>
        </test-method> <!-- teardown -->
        <test-method is-config="true" signature="launchBrowser()[pri:0, instance:Templates.Tests.ErrorValidation@3fce8fd9]" started-at="٢٠٢٥-٠٣-٢٧T٠٥:١٥:٥٢ EET" name="launchBrowser" finished-at="٢٠٢٥-٠٣-٢٧T٠٥:١٦:٠٣ EET" duration-ms="11012" status="PASS">
          <reporter-output>
          </reporter-output>
        </test-method> <!-- launchBrowser -->
        <test-method signature="productErrorValidation()[pri:0, instance:Templates.Tests.ErrorValidation@3fce8fd9]" started-at="٢٠٢٥-٠٣-٢٧T٠٥:١٦:٠٣ EET" name="productErrorValidation" finished-at="٢٠٢٥-٠٣-٢٧T٠٥:١٦:٠٦ EET" duration-ms="2700" status="PASS">
          <reporter-output>
          </reporter-output>
        </test-method> <!-- productErrorValidation -->
        <test-method is-config="true" signature="teardown()[pri:0, instance:Templates.Tests.ErrorValidation@3fce8fd9]" started-at="٢٠٢٥-٠٣-٢٧T٠٥:١٦:٠٦ EET" name="teardown" finished-at="٢٠٢٥-٠٣-٢٧T٠٥:١٦:٠٦ EET" duration-ms="217" status="PASS">
          <reporter-output>
          </reporter-output>
        </test-method> <!-- teardown -->
      </class> <!-- Templates.Tests.ErrorValidation -->
    </test> <!-- ErrorValidation -->
    <test started-at="٢٠٢٥-٠٣-٢٧T٠٥:١٥:٣٤ EET" name="SubmitOrderTest" finished-at="٢٠٢٥-٠٣-٢٧T٠٥:١٦:٢٠ EET" duration-ms="45864">
      <class name="Templates.Tests.SubmitOrderTest">
        <test-method is-config="true" signature="launchBrowser()[pri:0, instance:Templates.Tests.SubmitOrderTest@64b0598]" started-at="٢٠٢٥-٠٣-٢٧T٠٥:١٥:٣٤ EET" name="launchBrowser" finished-at="٢٠٢٥-٠٣-٢٧T٠٥:١٥:٥٠ EET" duration-ms="15878" status="PASS">
          <reporter-output>
          </reporter-output>
        </test-method> <!-- launchBrowser -->
        <test-method signature="submitOrderTest(java.util.HashMap)[pri:0, instance:Templates.Tests.SubmitOrderTest@64b0598]" started-at="٢٠٢٥-٠٣-٢٧T٠٥:١٥:٥٠ EET" name="submitOrderTest" data-provider="getData" finished-at="٢٠٢٥-٠٣-٢٧T٠٥:١٥:٥٥ EET" duration-ms="4605" status="PASS">
          <params>
            <param index="0">
              <value>
                <![CDATA[{password=123456Mm@, product=ZARA COAT 3, email=yes.mido22@gmail.com}]]>
              </value>
            </param>
          </params>
          <reporter-output>
          </reporter-output>
        </test-method> <!-- submitOrderTest -->
        <test-method is-config="true" signature="teardown()[pri:0, instance:Templates.Tests.SubmitOrderTest@64b0598]" started-at="٢٠٢٥-٠٣-٢٧T٠٥:١٥:٥٥ EET" name="teardown" finished-at="٢٠٢٥-٠٣-٢٧T٠٥:١٥:٥٥ EET" duration-ms="390" status="PASS">
          <reporter-output>
          </reporter-output>
        </test-method> <!-- teardown -->
        <test-method is-config="true" signature="launchBrowser()[pri:0, instance:Templates.Tests.SubmitOrderTest@64b0598]" started-at="٢٠٢٥-٠٣-٢٧T٠٥:١٥:٥٥ EET" name="launchBrowser" finished-at="٢٠٢٥-٠٣-٢٧T٠٥:١٦:٠٥ EET" duration-ms="9786" status="PASS">
          <reporter-output>
          </reporter-output>
        </test-method> <!-- launchBrowser -->
        <test-method signature="submitOrderTest(java.util.HashMap)[pri:0, instance:Templates.Tests.SubmitOrderTest@64b0598]" started-at="٢٠٢٥-٠٣-٢٧T٠٥:١٦:٠٥ EET" name="submitOrderTest" data-provider="getData" finished-at="٢٠٢٥-٠٣-٢٧T٠٥:١٦:٠٩ EET" duration-ms="4014" status="PASS">
          <params>
            <param index="0">
              <value>
                <![CDATA[{password=Iamking@000, product=ADIDAS ORIGINAL, email=shetty@gmail.com}]]>
              </value>
            </param>
          </params>
          <reporter-output>
          </reporter-output>
        </test-method> <!-- submitOrderTest -->
        <test-method is-config="true" signature="teardown()[pri:0, instance:Templates.Tests.SubmitOrderTest@64b0598]" started-at="٢٠٢٥-٠٣-٢٧T٠٥:١٦:٠٩ EET" name="teardown" finished-at="٢٠٢٥-٠٣-٢٧T٠٥:١٦:٠٩ EET" duration-ms="132" status="PASS">
          <reporter-output>
          </reporter-output>
        </test-method> <!-- teardown -->
        <test-method is-config="true" signature="launchBrowser()[pri:0, instance:Templates.Tests.SubmitOrderTest@64b0598]" started-at="٢٠٢٥-٠٣-٢٧T٠٥:١٦:٠٩ EET" name="launchBrowser" finished-at="٢٠٢٥-٠٣-٢٧T٠٥:١٦:١٩ EET" duration-ms="9222" status="PASS">
          <reporter-output>
          </reporter-output>
        </test-method> <!-- launchBrowser -->
        <test-method signature="orderHistoryTest()[pri:0, instance:Templates.Tests.SubmitOrderTest@64b0598]" started-at="٢٠٢٥-٠٣-٢٧T٠٥:١٦:١٩ EET" name="orderHistoryTest" finished-at="٢٠٢٥-٠٣-٢٧T٠٥:١٦:٢٠ EET" depends-on-methods="Templates.Tests.SubmitOrderTest.submitOrderTest" duration-ms="1153" status="PASS">
          <reporter-output>
          </reporter-output>
        </test-method> <!-- orderHistoryTest -->
        <test-method is-config="true" signature="teardown()[pri:0, instance:Templates.Tests.SubmitOrderTest@64b0598]" started-at="٢٠٢٥-٠٣-٢٧T٠٥:١٦:٢٠ EET" name="teardown" finished-at="٢٠٢٥-٠٣-٢٧T٠٥:١٦:٢٠ EET" duration-ms="294" status="PASS">
          <reporter-output>
          </reporter-output>
        </test-method> <!-- teardown -->
      </class> <!-- Templates.Tests.SubmitOrderTest -->
    </test> <!-- SubmitOrderTest -->
  </suite> <!-- Suite -->
</testng-results>
